{"C:\\Users\\tumom\\Documents\\Corvid-Live-Tracker-SA\\helpers\\sum.js": {"path":"C:\\Users\\tumom\\Documents\\Corvid-Live-Tracker-SA\\helpers\\sum.js","statementMap":{"0":{"start":{"line":1,"column":13***REMOVED***,"end":{"line":1,"column":28***REMOVED******REMOVED***,"1":{"start":{"line":1,"column":23***REMOVED***,"end":{"line":1,"column":28***REMOVED******REMOVED***,"2":{"start":{"line":2,"column":0***REMOVED***,"end":{"line":2,"column":21***REMOVED******REMOVED******REMOVED***,"fnMap":{"0":{"name":"(anonymous_0)","decl":{"start":{"line":1,"column":13***REMOVED***,"end":{"line":1,"column":14***REMOVED******REMOVED***,"loc":{"start":{"line":1,"column":23***REMOVED***,"end":{"line":1,"column":28***REMOVED******REMOVED***,"line":1***REMOVED******REMOVED***,"branchMap":{***REMOVED***,"s":{"0":1,"1":1,"2":1***REMOVED***,"f":{"0":1***REMOVED***,"b":{***REMOVED***,"_coverageSchema":"1a1c01bbd47fc00a2c39e90264f33305004495a9","hash":"682f9e8845da0a7a8836c4bc08feef7806e34aae"***REMOVED***
***REMOVED***
